SF:lib\component\list\BaseListItem.dart
DA:12,4
DA:20,4
DA:22,4
DA:24,4
DA:25,4
DA:26,4
DA:27,4
DA:30,4
DA:31,4
DA:32,4
DA:34,4
DA:35,5
DA:36,1
DA:39,4
DA:40,4
DA:42,4
DA:43,4
DA:44,5
DA:46,1
DA:51,4
DA:52,8
LF:21
LH:21
end_of_record
SF:lib\component\list\ConfigItem.dart
DA:10,10
DA:14,1
DA:16,2
DA:18,2
DA:19,2
DA:20,2
DA:23,2
DA:24,2
DA:25,2
LF:9
LH:9
end_of_record
SF:lib\component\list\SettingsNavItem.dart
DA:11,2
DA:15,2
DA:17,2
DA:19,2
DA:20,2
DA:21,2
DA:29,2
LF:7
LH:7
end_of_record
SF:lib\component\settingItem\ToggleSwitch.dart
DA:14,3
DA:23,3
DA:25,3
DA:27,3
DA:29,3
DA:30,4
DA:31,3
DA:32,3
DA:33,3
DA:34,3
DA:36,3
DA:37,9
DA:38,9
DA:40,3
DA:41,3
DA:42,3
DA:44,3
DA:45,6
DA:46,6
DA:47,3
LF:20
LH:20
end_of_record
SF:lib\controllers\tts_controller.dart
DA:9,9
DA:10,6
DA:11,3
DA:21,2
DA:23,2
DA:24,2
DA:25,2
DA:26,2
DA:28,2
DA:29,2
DA:30,3
DA:31,2
DA:33,1
DA:36,2
DA:37,2
DA:38,2
DA:39,2
DA:41,1
DA:42,1
DA:43,1
DA:44,1
DA:45,1
DA:46,2
DA:49,1
DA:50,1
DA:51,2
DA:53,1
DA:54,1
DA:57,0
DA:58,0
DA:59,0
DA:60,0
DA:64,1
DA:65,1
DA:66,2
DA:70,1
DA:71,1
DA:72,1
DA:73,1
DA:77,1
DA:78,1
DA:79,0
DA:83,1
DA:84,0
DA:85,0
DA:89,1
DA:90,2
DA:94,1
DA:95,2
DA:98,1
DA:99,1
DA:100,0
DA:101,0
DA:102,1
DA:114,1
DA:116,1
DA:117,0
DA:118,0
LF:58
LH:47
end_of_record
SF:lib\utils\device_audio_status.dart
DA:9,0
DA:11,0
DA:14,0
LF:3
LH:0
end_of_record
SF:lib\component\settingItem\VolumeSlider.dart
DA:12,3
DA:20,3
DA:22,3
DA:24,6
DA:26,3
DA:28,3
DA:29,3
DA:30,3
DA:31,3
DA:32,3
DA:33,6
DA:34,3
DA:35,3
DA:36,6
DA:38,3
DA:41,3
DA:42,3
DA:43,3
DA:49,3
DA:57,10
DA:59,2
DA:62,2
DA:77,2
DA:79,2
DA:80,2
DA:82,2
DA:83,4
DA:84,2
DA:87,2
DA:90,4
LF:30
LH:30
end_of_record
SF:lib\routes\AppRoutes.dart
DA:18,9
DA:19,1
DA:20,2
DA:21,1
DA:22,1
DA:23,0
DA:25,1
DA:26,3
DA:27,1
DA:29,2
LF:10
LH:9
end_of_record
SF:lib\screens\settings\SettingsMainScreens.dart
DA:9,11
DA:11,1
DA:13,1
DA:15,1
DA:21,1
DA:22,1
DA:25,1
DA:26,1
DA:28,1
DA:31,1
DA:34,2
DA:36,1
DA:39,0
LF:13
LH:12
end_of_record
SF:lib\screens\settings\VoiceGuideScreen.dart
DA:10,10
DA:12,2
DA:13,2
DA:24,2
DA:26,2
DA:27,2
DA:30,2
DA:31,4
DA:32,2
DA:33,3
DA:34,3
DA:35,3
DA:36,1
DA:40,1
DA:41,3
DA:42,2
DA:45,2
DA:47,2
DA:49,2
DA:55,2
DA:57,2
DA:59,2
DA:60,2
DA:62,2
DA:64,2
DA:65,2
DA:66,1
DA:67,1
DA:68,1
DA:74,2
DA:75,0
DA:76,0
DA:77,0
DA:79,0
DA:87,0
DA:88,0
DA:89,0
DA:90,0
DA:91,0
DA:104,2
DA:105,2
DA:106,1
DA:107,1
DA:108,3
DA:109,2
DA:110,2
DA:112,2
LF:47
LH:38
end_of_record
SF:lib\screens\settings\BackgroundActivityScreen.dart
DA:9,10
DA:11,1
DA:13,1
DA:20,1
DA:22,1
DA:23,1
DA:26,1
DA:27,2
DA:28,2
DA:29,3
DA:33,1
DA:35,1
DA:37,1
DA:43,1
DA:45,1
DA:47,1
DA:48,1
DA:50,1
DA:52,1
DA:53,1
DA:54,1
DA:55,3
DA:56,2
DA:58,2
DA:60,2
LF:25
LH:25
end_of_record
SF:lib\screens\location_screen.dart
DA:6,10
DA:8,1
DA:9,1
DA:19,1
DA:21,2
DA:22,0
DA:23,0
DA:24,0
DA:27,0
DA:28,0
DA:29,0
DA:30,0
DA:31,0
DA:34,2
DA:35,2
DA:40,1
DA:42,1
DA:43,1
DA:44,1
DA:45,1
DA:47,1
DA:48,1
DA:49,0
DA:50,0
DA:51,0
DA:52,0
DA:54,2
DA:55,2
DA:56,1
DA:57,1
DA:58,1
LF:31
LH:19
end_of_record
SF:lib\screens\search\shelter_region_screen.dart
DA:27,1
DA:29,1
DA:31,1
DA:33,1
DA:34,1
DA:35,1
DA:36,1
DA:37,1
DA:39,1
DA:41,0
DA:42,0
DA:44,0
DA:45,0
DA:60,1
DA:61,1
DA:63,2
DA:64,1
DA:65,1
DA:66,2
DA:67,1
DA:68,1
DA:70,0
DA:71,0
DA:73,0
DA:74,0
LF:25
LH:17
end_of_record
SF:lib\screens\search\search_result_screen.dart
DA:12,1
DA:14,1
DA:15,1
DA:23,1
DA:25,1
DA:26,1
DA:29,1
DA:30,2
DA:31,0
DA:32,0
DA:33,0
DA:34,0
DA:38,0
DA:39,0
DA:40,0
DA:42,0
DA:43,0
DA:44,0
DA:46,0
DA:47,0
DA:48,0
DA:56,1
DA:58,1
DA:60,1
DA:61,4
DA:65,1
DA:67,0
DA:69,0
DA:70,0
DA:71,0
DA:72,0
DA:73,0
DA:74,0
DA:75,0
DA:76,0
DA:78,0
LF:36
LH:13
end_of_record
SF:lib\component\bottomSheet\ShelterBottomSheet.dart
DA:11,0
DA:18,0
DA:20,0
DA:21,0
DA:22,0
DA:23,0
DA:25,0
DA:26,0
DA:32,0
DA:33,0
DA:34,0
DA:37,0
DA:38,0
DA:41,0
DA:46,0
DA:47,0
DA:48,0
DA:50,0
DA:53,0
DA:55,0
DA:60,0
DA:61,0
DA:63,0
DA:65,0
LF:24
LH:0
end_of_record
SF:lib\component\bottomSheet\data\ShelterDetailView.dart
DA:17,0
DA:26,0
DA:28,0
DA:29,0
DA:30,0
DA:31,0
DA:32,0
DA:33,0
DA:34,0
DA:35,0
DA:37,0
DA:39,0
DA:41,0
DA:42,0
DA:44,0
DA:47,0
DA:48,0
DA:49,0
DA:51,0
DA:52,0
DA:53,0
DA:54,0
DA:55,0
DA:56,0
DA:57,0
DA:62,0
DA:64,0
DA:66,0
DA:67,0
DA:69,0
DA:70,0
DA:71,0
DA:75,0
DA:76,0
DA:77,0
DA:78,0
DA:80,0
LF:37
LH:0
end_of_record
SF:lib\component\bottomSheet\data\ShelterListItem.dart
DA:21,0
DA:35,0
DA:37,0
DA:38,0
DA:39,0
DA:40,0
DA:41,0
DA:44,0
DA:46,0
DA:47,0
DA:49,0
DA:50,0
DA:52,0
DA:54,0
DA:55,0
DA:56,0
DA:57,0
DA:58,0
DA:59,0
DA:60,0
DA:61,0
DA:62,0
DA:63,0
DA:64,0
LF:24
LH:0
end_of_record
SF:lib\utils\distance_calculator.dart
DA:5,0
DA:12,0
DA:19,0
DA:20,0
DA:22,0
DA:25,0
DA:31,0
DA:38,0
DA:46,0
DA:47,0
DA:48,0
DA:50,0
DA:52,0
DA:54,0
DA:59,0
DA:60,0
DA:61,0
DA:62,0
DA:63,0
DA:64,0
DA:65,0
LF:21
LH:0
end_of_record
SF:lib\component\buttons\FavoriteButton.dart
DA:9,0
DA:12,0
DA:14,0
DA:15,0
DA:21,0
DA:22,0
DA:23,0
DA:26,0
DA:29,0
DA:31,0
DA:32,0
DA:36,0
LF:12
LH:0
end_of_record
SF:lib\component\buttons\NavButton.dart
DA:8,0
DA:12,0
DA:14,0
DA:16,0
DA:17,0
DA:18,0
DA:23,0
DA:24,0
DA:31,0
LF:9
LH:0
end_of_record
SF:lib\component\icon\CustomIcon.dart
DA:16,9
DA:28,0
DA:30,0
DA:32,0
DA:33,0
DA:34,0
DA:35,0
DA:36,0
DA:37,0
DA:38,0
DA:39,0
DA:40,0
DA:42,0
DA:44,0
DA:45,0
DA:46,0
DA:47,0
LF:17
LH:1
end_of_record
SF:lib\component\input\SearchInput.dart
DA:13,1
DA:20,1
DA:22,1
DA:24,2
DA:26,1
DA:27,1
DA:30,1
DA:32,1
DA:34,1
DA:35,1
DA:36,1
DA:37,1
DA:45,1
DA:46,1
DA:48,1
DA:49,1
DA:51,1
DA:52,1
DA:53,1
LF:19
LH:19
end_of_record
SF:lib\map\shelter_map.dart
DA:22,1
DA:33,1
DA:34,1
DA:40,1
DA:42,1
DA:43,2
DA:46,1
DA:47,2
DA:49,1
DA:50,0
DA:52,0
DA:53,0
DA:56,0
DA:57,0
DA:59,0
DA:60,0
DA:61,0
DA:62,0
DA:65,0
DA:66,0
DA:68,0
DA:69,0
DA:70,0
DA:72,0
DA:73,0
DA:76,0
DA:78,0
DA:82,1
DA:84,1
DA:85,2
DA:86,0
DA:87,0
DA:88,0
DA:89,0
DA:96,1
DA:97,1
DA:98,1
DA:99,1
DA:103,0
DA:104,0
DA:105,0
DA:107,0
DA:111,0
DA:112,0
DA:113,0
DA:117,0
DA:118,0
DA:119,0
DA:122,0
DA:123,0
DA:124,0
DA:125,0
DA:126,0
DA:129,0
DA:130,0
DA:131,0
DA:132,0
DA:133,0
DA:137,0
DA:140,0
DA:141,0
DA:142,0
DA:143,0
DA:144,0
DA:157,0
DA:159,0
DA:160,0
LF:67
LH:16
end_of_record
SF:lib\map\user_marker.dart
DA:8,9
DA:10,0
DA:12,0
DA:14,0
DA:16,0
DA:18,0
DA:19,0
DA:20,0
DA:21,0
DA:22,0
DA:28,0
DA:31,0
DA:32,0
DA:33,0
DA:34,0
DA:35,0
DA:36,0
DA:42,0
DA:43,0
DA:44,0
DA:52,0
DA:53,0
DA:54,0
DA:67,0
DA:69,0
DA:71,0
DA:72,0
DA:74,0
DA:75,0
DA:76,0
DA:77,0
DA:81,0
DA:85,0
LF:33
LH:1
end_of_record
SF:lib\models\shelter.dart
DA:13,0
DA:24,0
DA:26,0
DA:28,0
DA:30,0
DA:34,0
DA:35,0
DA:36,0
DA:38,0
DA:39,0
DA:40,0
DA:42,0
DA:43,0
DA:44,0
DA:45,0
DA:46,0
DA:47,0
DA:52,0
DA:62,0
DA:63,0
DA:64,0
DA:65,0
DA:66,0
DA:67,0
DA:68,0
DA:69,0
DA:70,0
LF:27
LH:0
end_of_record
SF:lib\services\user_location.dart
DA:8,6
DA:9,4
DA:10,2
DA:12,2
DA:17,2
DA:19,1
DA:23,2
DA:24,2
DA:25,0
DA:26,0
DA:27,0
DA:32,2
DA:33,0
DA:34,0
DA:38,2
DA:43,0
DA:49,0
DA:52,0
DA:59,0
DA:60,0
DA:61,0
DA:62,0
DA:69,0
DA:71,0
DA:72,0
DA:76,0
DA:78,0
DA:82,0
DA:89,0
DA:90,0
DA:93,0
DA:94,0
DA:95,0
DA:96,0
DA:97,0
DA:98,0
DA:100,0
DA:103,0
DA:104,0
LF:39
LH:10
end_of_record
SF:lib\screens\search\search_map_screen.dart
DA:19,0
DA:27,0
DA:28,0
DA:36,0
DA:38,0
DA:39,0
DA:42,0
DA:43,0
DA:44,0
DA:45,0
DA:50,0
DA:51,0
DA:52,0
DA:53,0
DA:55,0
DA:56,0
DA:58,0
DA:59,0
DA:60,0
DA:66,0
DA:68,0
DA:71,0
DA:72,0
DA:75,0
DA:76,0
DA:77,0
DA:78,0
DA:79,0
DA:82,0
DA:84,0
DA:89,0
DA:91,0
DA:92,0
DA:93,0
DA:96,0
DA:97,0
DA:98,0
DA:105,0
DA:106,0
DA:107,0
DA:110,0
DA:116,0
DA:117,0
DA:118,0
DA:119,0
DA:120,0
DA:121,0
DA:123,0
DA:127,0
DA:128,0
DA:130,0
DA:131,0
DA:132,0
DA:133,0
DA:134,0
DA:135,0
DA:136,0
DA:137,0
DA:138,0
DA:140,0
DA:141,0
DA:142,0
DA:143,0
DA:152,0
DA:153,0
DA:154,0
DA:155,0
DA:156,0
DA:161,0
DA:162,0
DA:165,0
DA:166,0
DA:167,0
DA:168,0
DA:169,0
LF:75
LH:0
end_of_record
SF:lib\utils\favorite_utils.dart
DA:5,0
DA:6,0
DA:8,0
DA:9,0
DA:10,0
DA:11,0
DA:12,0
DA:13,0
DA:14,0
DA:15,0
DA:16,0
DA:17,0
DA:18,0
DA:19,0
DA:20,0
DA:21,0
DA:22,0
DA:23,0
DA:24,0
DA:30,0
DA:35,0
DA:36,0
DA:37,0
DA:38,0
DA:40,0
DA:43,0
DA:46,0
DA:47,0
DA:48,0
LF:29
LH:0
end_of_record
SF:lib\services\filter_shelters.dart
DA:9,2
DA:10,2
DA:11,0
DA:15,0
DA:16,0
DA:17,0
DA:18,0
DA:19,0
DA:20,0
DA:22,0
DA:23,0
DA:25,0
DA:26,0
DA:27,0
DA:28,0
DA:30,0
DA:34,0
DA:35,0
DA:36,0
DA:37,0
DA:39,0
DA:43,0
DA:44,0
DA:46,0
DA:47,0
DA:50,0
DA:52,0
DA:53,0
DA:54,0
DA:55,0
DA:56,0
DA:57,0
DA:58,0
DA:65,0
DA:68,0
DA:69,0
DA:70,0
DA:71,0
DA:73,0
DA:80,0
DA:86,0
DA:87,0
DA:89,0
DA:91,0
DA:93,0
DA:94,0
DA:95,0
DA:98,0
DA:99,0
DA:100,0
DA:101,0
DA:102,0
DA:103,0
DA:104,0
DA:105,0
DA:107,0
DA:108,0
DA:109,0
DA:110,0
DA:115,0
DA:122,0
DA:123,0
LF:62
LH:2
end_of_record
SF:lib\screens\search\shelter_list_screen.dart
DA:12,0
DA:14,0
DA:15,0
DA:44,0
DA:46,0
DA:47,0
DA:50,0
DA:51,0
DA:52,0
DA:54,0
DA:58,0
DA:62,0
DA:66,0
DA:71,0
DA:72,0
DA:74,0
DA:75,0
DA:76,0
DA:77,0
DA:78,0
DA:79,0
DA:81,0
DA:85,0
DA:87,0
DA:89,0
DA:91,0
DA:92,0
DA:93,0
DA:97,0
DA:99,0
DA:101,0
DA:102,0
DA:103,0
DA:104,0
DA:112,0
DA:114,0
DA:116,0
DA:117,0
DA:118,0
DA:119,0
DA:120,0
DA:121,0
DA:122,0
DA:123,0
DA:125,0
DA:126,0
DA:127,0
DA:128,0
DA:139,0
DA:140,0
DA:142,0
DA:144,0
DA:145,0
DA:146,0
LF:54
LH:0
end_of_record
SF:lib\services\favorite_service.dart
DA:8,0
DA:9,0
DA:10,0
DA:13,0
DA:14,0
DA:18,0
DA:19,0
DA:20,0
DA:23,0
DA:27,0
DA:28,0
DA:34,0
DA:35,0
DA:36,0
DA:39,0
DA:41,0
DA:43,0
DA:48,0
DA:49,0
DA:50,0
DA:53,0
DA:55,0
DA:59,0
DA:60,0
DA:61,0
DA:63,0
DA:64,0
DA:67,0
DA:69,0
DA:75,0
DA:76,0
DA:77,0
DA:80,0
DA:83,0
LF:34
LH:0
end_of_record
SF:lib\utils\db_loader.dart
DA:7,2
DA:9,2
DA:10,0
DA:12,0
DA:13,0
DA:14,0
DA:15,0
DA:16,0
DA:17,0
DA:19,0
DA:22,0
DA:24,0
DA:30,0
DA:31,0
DA:32,0
DA:33,0
DA:35,0
DA:36,0
DA:37,0
DA:38,0
DA:39,0
DA:40,0
DA:42,0
DA:45,0
DA:48,0
DA:49,0
DA:50,0
DA:51,0
DA:52,0
DA:53,0
LF:30
LH:2
end_of_record
SF:lib\screens\home.dart
DA:23,1
DA:25,1
DA:26,1
DA:42,1
DA:44,1
DA:45,1
DA:46,1
DA:49,0
DA:50,0
DA:51,0
DA:52,0
DA:57,1
DA:58,1
DA:59,0
DA:60,0
DA:61,0
DA:65,0
DA:66,0
DA:67,0
DA:68,0
DA:69,0
DA:70,0
DA:71,0
DA:72,0
DA:75,1
DA:77,1
DA:78,1
DA:79,3
DA:81,2
DA:82,1
DA:85,3
DA:86,2
DA:88,2
DA:91,0
DA:94,0
DA:114,0
DA:116,0
DA:118,0
DA:119,0
DA:120,0
DA:121,0
DA:122,0
DA:123,0
DA:125,0
DA:127,0
DA:128,0
DA:132,0
DA:133,0
DA:134,0
DA:135,0
DA:137,0
DA:138,0
DA:139,0
DA:141,0
DA:143,0
DA:147,0
DA:148,0
DA:149,0
DA:150,0
DA:152,0
DA:154,0
DA:155,0
DA:156,0
DA:157,0
DA:160,0
DA:161,0
DA:162,0
DA:163,0
DA:164,0
DA:167,0
DA:169,0
DA:174,0
DA:176,0
DA:177,0
DA:180,0
DA:184,1
DA:186,1
DA:187,1
DA:188,1
DA:190,1
DA:191,1
DA:192,1
DA:193,1
DA:194,0
DA:195,0
DA:196,0
DA:202,1
DA:206,1
DA:208,1
DA:209,1
DA:210,0
DA:211,0
DA:213,0
DA:216,0
DA:217,0
DA:219,0
DA:220,0
DA:232,1
DA:235,2
DA:238,1
DA:239,0
DA:241,0
DA:242,0
DA:243,0
DA:244,0
DA:245,0
DA:246,0
DA:247,0
DA:248,0
DA:249,0
DA:251,0
DA:252,0
DA:253,0
DA:254,0
DA:263,0
DA:264,0
DA:265,0
DA:266,0
DA:267,0
DA:272,0
DA:273,0
DA:275,0
DA:277,0
DA:278,0
DA:279,0
DA:280,0
DA:281,0
DA:283,0
DA:291,1
DA:292,0
DA:294,0
DA:297,0
DA:310,0
DA:311,0
DA:312,0
DA:313,0
DA:314,0
DA:315,0
DA:316,0
DA:317,0
DA:321,0
LF:141
LH:34
end_of_record
SF:lib\component\input\MainInput.dart
DA:11,1
DA:16,1
DA:18,1
DA:20,1
DA:21,1
DA:22,1
DA:24,1
DA:26,1
DA:27,1
DA:28,1
DA:31,1
DA:35,1
DA:36,1
DA:37,1
DA:38,1
DA:39,1
DA:42,1
DA:43,1
DA:44,2
DA:45,1
DA:46,2
LF:21
LH:21
end_of_record
SF:lib\screens\search\search_screen.dart
DA:15,1
DA:17,0
DA:18,0
DA:27,0
DA:29,0
DA:30,0
DA:31,0
DA:32,0
DA:33,0
DA:34,0
DA:38,0
DA:40,0
DA:41,0
DA:44,0
DA:45,0
DA:46,0
DA:47,0
DA:51,0
DA:52,0
DA:53,0
DA:54,0
DA:55,0
DA:58,0
DA:59,0
DA:62,0
DA:65,0
DA:68,0
DA:69,0
DA:73,0
DA:74,0
DA:95,0
DA:97,0
DA:100,0
DA:101,0
DA:102,0
DA:106,0
DA:110,0
DA:111,0
DA:115,0
DA:117,0
DA:119,0
DA:121,0
DA:123,0
DA:124,0
DA:125,0
DA:126,0
DA:128,0
DA:129,0
DA:130,0
DA:131,0
DA:132,0
DA:133,0
DA:134,0
DA:138,0
DA:148,0
DA:150,0
DA:151,0
DA:152,0
DA:154,0
DA:169,0
DA:170,0
DA:172,0
DA:173,0
DA:174,0
DA:175,0
DA:176,0
DA:177,0
DA:190,0
DA:192,0
DA:198,0
DA:199,0
DA:203,0
DA:204,0
DA:205,0
DA:209,0
DA:223,0
DA:224,0
DA:226,0
DA:227,0
DA:228,0
DA:229,0
DA:230,0
DA:231,0
DA:232,0
DA:233,0
DA:235,0
DA:236,0
DA:239,0
DA:242,0
DA:244,0
DA:246,0
DA:248,0
DA:249,0
DA:252,0
DA:256,0
DA:259,0
DA:262,0
DA:263,0
DA:272,0
DA:274,0
LF:100
LH:1
end_of_record
SF:lib\component\buttons\GpsButton.dart
DA:9,2
DA:11,0
DA:12,0
DA:13,0
DA:14,0
DA:16,0
DA:19,1
DA:21,1
DA:25,1
DA:27,1
DA:28,1
DA:30,1
LF:12
LH:7
end_of_record
SF:lib\component\icon\favorite_icon_static.dart
DA:7,1
DA:9,0
DA:11,0
LF:3
LH:1
end_of_record
SF:lib\screens\Faivorite\favorite_shelter_screen.dart
DA:9,1
DA:11,0
DA:12,0
DA:19,0
DA:21,0
DA:22,0
DA:25,0
DA:26,0
DA:46,0
DA:48,0
DA:49,0
DA:50,0
DA:53,0
DA:54,0
DA:55,0
DA:59,0
DA:61,0
DA:63,0
DA:68,0
DA:70,0
DA:72,0
DA:73,0
DA:74,0
DA:75,0
DA:76,0
DA:77,0
DA:78,0
DA:79,0
DA:81,0
DA:82,0
DA:83,0
DA:84,0
DA:94,0
DA:95,0
DA:97,0
DA:99,0
DA:101,0
LF:37
LH:1
end_of_record
SF:lib\screens\navigation\navigation_screen.dart
DA:15,0
DA:16,0
DA:17,0
DA:18,0
DA:19,0
DA:35,0
DA:42,0
DA:43,0
DA:53,0
DA:55,0
DA:56,0
DA:57,0
DA:60,0
DA:61,0
DA:62,0
DA:63,0
DA:64,0
DA:65,0
DA:68,0
DA:69,0
DA:70,0
DA:75,0
DA:77,0
DA:78,0
DA:79,0
DA:82,0
DA:83,0
DA:84,0
DA:86,0
DA:87,0
DA:88,0
DA:92,0
DA:93,0
DA:101,0
DA:103,0
DA:105,0
DA:106,0
DA:107,0
DA:111,0
DA:112,0
DA:113,0
DA:120,0
DA:122,0
DA:124,0
DA:125,0
DA:126,0
DA:128,0
DA:129,0
DA:130,0
DA:131,0
DA:132,0
DA:133,0
DA:134,0
DA:137,0
DA:140,0
DA:143,0
DA:147,0
DA:152,0
DA:154,0
DA:155,0
DA:156,0
DA:157,0
DA:158,0
DA:159,0
DA:160,0
DA:161,0
DA:162,0
DA:164,0
DA:165,0
DA:166,0
LF:70
LH:0
end_of_record
SF:lib\services\dijkstra_service.dart
DA:15,0
DA:16,0
DA:17,0
DA:19,0
DA:22,0
DA:25,0
DA:28,0
DA:30,0
DA:31,0
DA:34,0
DA:35,0
DA:37,0
DA:40,0
DA:42,0
DA:46,0
DA:47,0
DA:49,0
DA:52,0
DA:53,0
DA:54,0
DA:55,0
DA:56,0
DA:60,0
DA:61,0
DA:62,0
DA:63,0
DA:64,0
DA:65,0
DA:67,0
DA:68,0
DA:69,0
DA:72,0
DA:73,0
DA:74,0
DA:78,0
DA:79,0
DA:80,0
DA:81,0
DA:83,0
DA:88,0
DA:89,0
DA:90,0
DA:92,0
DA:96,0
DA:100,0
DA:101,0
DA:102,0
DA:103,0
DA:105,0
DA:106,0
DA:108,0
DA:110,0
DA:111,0
DA:112,0
DA:114,0
DA:115,0
DA:117,0
DA:118,0
DA:119,0
DA:120,0
DA:121,0
DA:123,0
DA:125,0
DA:126,0
DA:127,0
DA:128,0
DA:129,0
DA:130,0
DA:131,0
DA:132,0
DA:137,0
DA:140,0
DA:141,0
DA:146,0
DA:147,0
DA:148,0
DA:149,0
DA:151,0
DA:154,0
DA:155,0
DA:157,0
DA:158,0
DA:159,0
DA:160,0
DA:164,0
DA:165,0
DA:167,0
DA:168,0
DA:172,0
DA:174,0
DA:175,0
DA:185,0
DA:186,0
DA:190,0
DA:191,0
DA:192,0
DA:194,0
DA:195,0
DA:200,0
DA:220,0
DA:223,0
DA:224,0
DA:226,0
DA:227,0
DA:228,0
DA:229,0
DA:234,0
DA:238,0
DA:240,0
DA:241,0
DA:249,0
DA:250,0
DA:251,0
DA:253,0
DA:257,0
DA:260,0
LF:116
LH:0
end_of_record
SF:lib\services\background_service.dart
DA:6,0
DA:7,0
DA:8,0
DA:11,0
DA:13,0
DA:14,0
DA:15,0
DA:22,0
DA:23,0
DA:27,0
DA:28,0
DA:30,0
DA:31,0
DA:39,0
DA:41,0
DA:45,0
LF:16
LH:0
end_of_record
